<?xml version="1.0" encoding="UTF-8"?>
<!-- Generated by org.testng.reporters.JUnitXMLReporter -->
<testsuite ignored="0" hostname="DESKTOP-0TDTAS0" failures="1" tests="3" name="ErrorValidationTest" time="76.609" errors="0" timestamp="2025-05-21T08:42:58 IST">
  <testcase classname="testCases.ErrorValidationTest" name="LoginErrorValidationTest" time="3.678">
    <skipped/>
  </testcase> <!-- LoginErrorValidationTest -->
  <testcase classname="testCases.ErrorValidationTest" name="LoginErrorValidationTest" time="0.611">
    <failure type="java.lang.AssertionError" message="expected [Incorrect email or passwor] but found [Incorrect email or password.]">
      <![CDATA[java.lang.AssertionError: expected [Incorrect email or passwor] but found [Incorrect email or password.]
at testCases.ErrorValidationTest.LoginErrorValidationTest(ErrorValidationTest.java:27)
at java.base/java.util.ArrayList.forEach(ArrayList.java:1511)
at java.base/java.util.concurrent.FutureTask.run(FutureTask.java:264)
at java.base/java.util.concurrent.ThreadPoolExecutor.runWorker(ThreadPoolExecutor.java:1136)
at java.base/java.util.concurrent.ThreadPoolExecutor$Worker.run(ThreadPoolExecutor.java:635)
at java.base/java.lang.Thread.run(Thread.java:833)
... Removed 23 stack frames]]>
    </failure>
  </testcase> <!-- LoginErrorValidationTest -->
  <testcase classname="testCases.ErrorValidationTest" name="ProductErrorValidationTest" time="4.789"/>
</testsuite> <!-- ErrorValidationTest -->
